2014-03-20 21:03:56.513 INFO  - added persons
2014-03-20 21:03:56.573 INFO  - [Person(firstName=Bruce, lastName=Wayne, age=30, gender=MALE, userId=brwa8077), Person(firstName=John, lastName=Doe, age=49, gender=MALE, userId=jodo7162), Person(firstName=Jane, lastName=Doer, age=29, gender=FEMALE, userId=jado4079)]
2014-03-20 21:03:56.578 INFO  - searching for Bruce Wayne
2014-03-20 21:03:56.578 INFO  - found: Person(firstName=Bruce, lastName=Wayne, age=30, gender=MALE, userId=brwa8077)
2014-03-20 21:06:36.150 INFO  - added persons
2014-03-20 21:06:36.156 INFO  - [Person(firstName=Bruce, lastName=Wayne, age=30, gender=MALE, userId=brwa9969), Person(firstName=John, lastName=Doe, age=49, gender=MALE, userId=jodo2268), Person(firstName=Jane, lastName=Doer, age=29, gender=FEMALE, userId=jado6795)]
2014-03-20 21:06:36.159 INFO  - searching for Bruce Wayne
2014-03-20 21:06:36.159 INFO  - found: Person(firstName=Bruce, lastName=Wayne, age=30, gender=MALE, userId=brwa9969)
2014-03-20 21:06:36.163 INFO  - after update
2014-03-20 21:06:36.163 INFO  - found :Person(firstName=Bruce, lastName=Wayne, age=199, gender=MALE, userId=brwa9969)
2014-03-20 21:10:55.257 INFO  - added persons
2014-03-20 21:10:55.262 INFO  - [Person(firstName=Bruce, lastName=Wayne, age=30, gender=MALE, userId=brwa5375), Person(firstName=John, lastName=Doe, age=49, gender=MALE, userId=jodo5457), Person(firstName=Jane, lastName=Doer, age=29, gender=FEMALE, userId=jado7613)]
2014-03-20 21:10:55.265 INFO  - searching for Bruce Wayne
2014-03-20 21:10:55.265 INFO  - found: Person(firstName=Bruce, lastName=Wayne, age=30, gender=MALE, userId=brwa5375)
2014-03-20 21:10:55.269 INFO  - after update
2014-03-20 21:10:55.269 INFO  - found :Person(firstName=Bruce, lastName=Wayne, age=199, gender=MALE, userId=brwa5375)
2014-03-20 21:12:15.012 INFO  - added persons
2014-03-20 21:12:15.019 INFO  - [Person(firstName=Bruce, lastName=Wayne, age=30, gender=MALE, userId=brwa8617), Person(firstName=John, lastName=Doe, age=49, gender=MALE, userId=jodo4341), Person(firstName=Jane, lastName=Doer, age=29, gender=FEMALE, userId=jado2402)]
2014-03-20 21:12:15.023 INFO  - searching for Bruce Wayne
2014-03-20 21:12:15.023 INFO  - found: Person(firstName=Bruce, lastName=Wayne, age=30, gender=MALE, userId=brwa8617)
2014-03-20 21:12:15.029 INFO  - after update
2014-03-20 21:12:15.029 INFO  - found :Person(firstName=Bruce, lastName=Wayne, age=199, gender=MALE, userId=brwa8617)
2014-03-20 21:12:55.653 INFO  - added persons
2014-03-20 21:12:55.659 INFO  - [Person(firstName=Bruce, lastName=Wayne, age=30, gender=MALE, userId=brwa4224), Person(firstName=John, lastName=Doe, age=49, gender=MALE, userId=jodo2219), Person(firstName=Jane, lastName=Doer, age=29, gender=FEMALE, userId=jado2112)]
2014-03-20 21:12:55.662 INFO  - searching for Bruce Wayne
2014-03-20 21:12:55.662 INFO  - found: Person(firstName=Bruce, lastName=Wayne, age=30, gender=MALE, userId=brwa4224)
2014-03-20 21:12:55.666 INFO  - after update
2014-03-20 21:12:55.666 INFO  - found :Person(firstName=Bruce, lastName=Wayne, age=199, gender=MALE, userId=brwa4224)
2014-03-20 21:14:01.292 INFO  - added persons
2014-03-20 21:14:01.301 INFO  - [Person(firstName=Bruce, lastName=Wayne, age=30, gender=MALE, userId=brwa1705), Person(firstName=John, lastName=Doe, age=49, gender=MALE, userId=jodo7912), Person(firstName=Jane, lastName=Doer, age=29, gender=FEMALE, userId=jado5079)]
2014-03-20 21:14:01.305 INFO  - searching for Bruce Wayne
2014-03-20 21:14:01.305 INFO  - found: Person(firstName=Bruce, lastName=Wayne, age=30, gender=MALE, userId=brwa1705)
2014-03-20 21:14:01.311 INFO  - after update
2014-03-20 21:14:01.311 INFO  - found :Person(firstName=Bruce, lastName=Wayne, age=199, gender=MALE, userId=brwa1705)
